  [1m[35m (317.3ms)[0m  [1m[35mCREATE TABLE "schema_migrations" ("version" varchar NOT NULL PRIMARY KEY)[0m
  [1m[35m (299.7ms)[0m  [1m[35mCREATE TABLE "ar_internal_metadata" ("key" varchar NOT NULL PRIMARY KEY, "value" varchar, "created_at" datetime(6) NOT NULL, "updated_at" datetime(6) NOT NULL)[0m
  [1m[36mActiveRecord::SchemaMigration Pluck (0.2ms)[0m  [1m[34mSELECT "schema_migrations"."version" FROM "schema_migrations" ORDER BY "schema_migrations"."version" ASC[0m
Migrating to CreatePosts (20230816073535)
  [1m[36mTRANSACTION (0.1ms)[0m  [1m[36mbegin transaction[0m
  [1m[35m (0.3ms)[0m  [1m[35mCREATE TABLE "posts" ("id" integer PRIMARY KEY AUTOINCREMENT NOT NULL, "title" varchar, "content" text, "views" integer, "likes" integer, "category" varchar, "status" varchar, "slug" varchar, "published_at" datetime(6), "created_at" datetime(6) NOT NULL, "updated_at" datetime(6) NOT NULL)[0m
  [1m[36mActiveRecord::SchemaMigration Create (0.3ms)[0m  [1m[32mINSERT INTO "schema_migrations" ("version") VALUES (?)[0m  [["version", "20230816073535"]]
  [1m[36mTRANSACTION (220.9ms)[0m  [1m[36mcommit transaction[0m
  [1m[36mActiveRecord::InternalMetadata Load (0.2ms)[0m  [1m[34mSELECT "ar_internal_metadata".* FROM "ar_internal_metadata" WHERE "ar_internal_metadata"."key" = ? LIMIT ?[0m  [["key", "environment"], ["LIMIT", 1]]
  [1m[36mTRANSACTION (0.1ms)[0m  [1m[36mbegin transaction[0m
  [1m[36mActiveRecord::InternalMetadata Create (0.3ms)[0m  [1m[32mINSERT INTO "ar_internal_metadata" ("key", "value", "created_at", "updated_at") VALUES (?, ?, ?, ?)[0m  [["key", "environment"], ["value", "development"], ["created_at", "2023-08-16 07:36:05.203631"], ["updated_at", "2023-08-16 07:36:05.203631"]]
  [1m[36mTRANSACTION (159.3ms)[0m  [1m[36mcommit transaction[0m
  [1m[36mActiveRecord::SchemaMigration Pluck (0.1ms)[0m  [1m[34mSELECT "schema_migrations"."version" FROM "schema_migrations" ORDER BY "schema_migrations"."version" ASC[0m
  [1m[36mActiveRecord::SchemaMigration Pluck (0.2ms)[0m  [1m[34mSELECT "schema_migrations"."version" FROM "schema_migrations" ORDER BY "schema_migrations"."version" ASC[0m
  [1m[36mPost Load (0.2ms)[0m  [1m[34mSELECT "posts".* FROM "posts"[0m
  [1m[36mTRANSACTION (0.1ms)[0m  [1m[36mbegin transaction[0m
  [1m[36mPost Create (0.4ms)[0m  [1m[32mINSERT INTO "posts" ("title", "content", "views", "likes", "category", "status", "slug", "published_at", "created_at", "updated_at") VALUES (?, ?, ?, ?, ?, ?, ?, ?, ?, ?)[0m  [["title", "Introduction to Ruby on Rails"], ["content", "Ruby on Rails is a web development framework..."], ["views", 150], ["likes", 25], ["category", "Technology"], ["status", "Published"], ["slug", "introduction-to-ruby-on-rails"], ["published_at", "2023-08-16 07:45:19.941360"], ["created_at", "2023-08-16 07:45:19.963232"], ["updated_at", "2023-08-16 07:45:19.963232"]]
  [1m[36mTRANSACTION (191.9ms)[0m  [1m[36mcommit transaction[0m
  [1m[36mTRANSACTION (0.1ms)[0m  [1m[36mbegin transaction[0m
  [1m[36mPost Create (0.2ms)[0m  [1m[32mINSERT INTO "posts" ("title", "content", "views", "likes", "category", "status", "slug", "published_at", "created_at", "updated_at") VALUES (?, ?, ?, ?, ?, ?, ?, ?, ?, ?)[0m  [["title", "Exploring Exotic Destinations"], ["content", "Discover the most exotic travel destinations..."], ["views", 320], ["likes", 45], ["category", "Travel"], ["status", "Published"], ["slug", "exploring-exotic-destinations"], ["published_at", "2023-08-16 07:45:19.941362"], ["created_at", "2023-08-16 07:45:20.160405"], ["updated_at", "2023-08-16 07:45:20.160405"]]
  [1m[36mTRANSACTION (204.5ms)[0m  [1m[36mcommit transaction[0m
  [1m[36mTRANSACTION (0.1ms)[0m  [1m[36mbegin transaction[0m
  [1m[36mPost Create (0.4ms)[0m  [1m[32mINSERT INTO "posts" ("title", "content", "views", "likes", "category", "status", "slug", "published_at", "created_at", "updated_at") VALUES (?, ?, ?, ?, ?, ?, ?, ?, ?, ?)[0m  [["title", "The Art of Cooking"], ["content", "Master the art of cooking with these delicious recipes..."], ["views", 220], ["likes", 30], ["category", "Food"], ["status", "Draft"], ["slug", "the-art-of-cooking"], ["published_at", nil], ["created_at", "2023-08-16 07:45:20.368178"], ["updated_at", "2023-08-16 07:45:20.368178"]]
  [1m[36mTRANSACTION (357.8ms)[0m  [1m[36mcommit transaction[0m
